<?xml version="1.0" encoding="UTF-8"?>
<testsuite xmlns:xsi="http://www.w3.org/2001/XMLSchema-instance" xsi:noNamespaceSchemaLocation="https://maven.apache.org/surefire/maven-surefire-plugin/xsd/surefire-test-report-3.0.xsd" version="3.0" name="RBE.RBETest" time="28.464" tests="9" errors="0" skipped="0" failures="0">
  <properties>
[...]
</properties>
  <testcase name="createRBERulesNationalAgencyAndClientNullTest" classname="RBE.RBETest" time="13.811"/>
  <testcase name="unAuthorizationTest" classname="RBE.RBETest" time="2.239"/>
  <testcase name="createRBERulesLocalTest" classname="RBE.RBETest" time="1.591"/>
  <testcase name="createRBERulesNationalClientNullTest" classname="RBE.RBETest" time="2.833"/>
  <testcase name="createRBERulesNationalAgencyNullTest" classname="RBE.RBETest" time="2.894"/>
  <testcase name="createRBERulesNationalTest" classname="RBE.RBETest" time="0.962"/>
  <testcase name="createRBERulesAgencyAndClientNullTest" classname="RBE.RBETest" time="3.1"/>
  <testcase name="createRBERulesClientNullTest" classname="RBE.RBETest" time="0.589"/>
  <testcase name="createRBERulesAgencyNullTest" classname="RBE.RBETest" time="0.376"/>
</testsuite>